system          > 
system          > ConTeXt  ver: 2025.12.05 17:46 LMTX  fmt: 2025.12.21  int: english/english
system          > 
system          > 'cont-new.mkxl' loaded
open source     > level 1, order 1, name '/Users/ali/.context-osx-64/tex/texmf-context/tex/context/base/mkxl/cont-new.mkxl'
system          > beware: some patches loaded from cont-new.mkiv
close source    > level 1, order 1, name '/Users/ali/.context-osx-64/tex/texmf-context/tex/context/base/mkxl/cont-new.mkxl'
system          > files > jobname './mini-project', input './mini-project.tex', result './mini-project'
fonts           > latin modern fonts are not preloaded
languages       > language 'en' is active
open source     > level 1, order 2, name './mini-project.tex'
fonts           > preloading latin modern fonts (third stage)
fonts           > 'fallback modern rm 11pt' is loaded
tabulate        > unknown preamble key: f\sc 
pages           > flushing realpage 1, userpage 1, subpage 1
graphics        > compactors > registered: preset : default | demo | merge | tikz | yes
graphics        > compactors > using: preset : default
floatblocks     > '1' limited
floatblocks     > order disturbed
floatblocks     > '1' placed (force)
pages           > flushing realpage 2, userpage 2, subpage 2
floatblocks     > 1 saved
pages           > flushing realpage 3, userpage 3, subpage 3
floatblocks     > 1 moved
floatblocks     > '2' moved
floatblocks     > less than '4' lines
pages           > flushing realpage 4, userpage 4, subpage 4
pages           > flushing realpage 5, userpage 5, subpage 5
close source    > level 1, order 2, name './mini-project.tex'
backend         > xmp > using file '/Users/ali/.context-osx-64/tex/texmf-context/tex/context/base/mkiv/lpdf-pdx.xml'
system          > start used files
system          > text: mini-project
system          > stop used files
system          > start used files
system          >    1: filename=publ-imp-default.lua filetype=lua foundname=/Users/ali/.context-osx-64/tex/texmf-context/tex/context/base/mkiv/publ-imp-default.lua fullname=/Users/ali/.context-osx-64/tex/texmf-context/tex/context/base/mkiv/publ-imp-default.lua usedmethod=database
system          >    2: filename=cont-new.mkxl filetype=tex foundname=/Users/ali/.context-osx-64/tex/texmf-context/tex/context/base/mkxl/cont-new.mkxl fullname=/Users/ali/.context-osx-64/tex/texmf-context/tex/context/base/mkxl/cont-new.mkxl usedmethod=database
system          >    3: filename=lang-exc.lua filetype=lua foundname=/Users/ali/.context-osx-64/tex/texmf-context/tex/context/base/mkiv/lang-exc.lua fullname=/Users/ali/.context-osx-64/tex/texmf-context/tex/context/base/mkiv/lang-exc.lua usedmethod=database
system          >    4: filename=lang-us.lua filetype=lua foundname=/Users/ali/.context-osx-64/tex/texmf-context/tex/context/patterns/mkiv/lang-us.lua fullname=/Users/ali/.context-osx-64/tex/texmf-context/tex/context/patterns/mkiv/lang-us.lua usedmethod=database
system          >    5: filename=/Users/ali/Bifrost/College/S6/miniproject-abstract/mini-project.tex format=tex foundname=/Users/ali/Bifrost/College/S6/miniproject-abstract/mini-project.tex fullname=/Users/ali/Bifrost/College/S6/miniproject-abstract/mini-project.tex usedmethod=direct
system          >    6: filename=context-libraries.tma filetype=lua foundname=/Users/ali/.context-osx-64/tex/texmf-context/tex/context/base/mkxl/context-libraries.tma fullname=/Users/ali/.context-osx-64/tex/texmf-context/tex/context/base/mkxl/context-libraries.tma usedmethod=database
system          >    7: filename=lm.lfg filetype=tex foundname=/Users/ali/.context-osx-64/tex/texmf-context/tex/context/fonts/mkiv/lm.lfg fullname=/Users/ali/.context-osx-64/tex/texmf-context/tex/context/fonts/mkiv/lm.lfg usedmethod=database
system          >    8: filename=lmroman10-regular filetype=otf format=otf foundname=/Users/ali/.context-osx-64/tex/texmf/fonts/data/gust/lm/lmroman10-regular.otf fullname=/Users/ali/.context-osx-64/tex/texmf/fonts/data/gust/lm/lmroman10-regular.otf usedmethod=database
system          >    9: filename=modern-text.lfg filetype=tex foundname=/Users/ali/.context-osx-64/tex/texmf-context/tex/context/fonts/mkiv/modern-text.lfg fullname=/Users/ali/.context-osx-64/tex/texmf-context/tex/context/fonts/mkiv/modern-text.lfg usedmethod=database
system          >   10: filename=latinmodern-math.otf filetype=otf format=otf foundname=/Users/ali/.context-osx-64/tex/texmf/fonts/data/gust/lm/latinmodern-math.otf fullname=/Users/ali/.context-osx-64/tex/texmf/fonts/data/gust/lm/latinmodern-math.otf usedmethod=database
system          >   11: filename=modern-math.lfg filetype=tex foundname=/Users/ali/.context-osx-64/tex/texmf-context/tex/context/fonts/mkiv/modern-math.lfg fullname=/Users/ali/.context-osx-64/tex/texmf-context/tex/context/fonts/mkiv/modern-math.lfg usedmethod=database
system          >   12: filename=common-math.lfg filetype=tex foundname=/Users/ali/.context-osx-64/tex/texmf-context/tex/context/fonts/mkiv/common-math.lfg fullname=/Users/ali/.context-osx-64/tex/texmf-context/tex/context/fonts/mkiv/common-math.lfg usedmethod=database
system          >   13: filename=latinmodernmathcompanion-regular.otf filetype=otf format=otf foundname=/Users/ali/.context-osx-64/tex/texmf/fonts/data/cms/companion/LatinModernMathCompanion-Regular.otf fullname=/Users/ali/.context-osx-64/tex/texmf/fonts/data/cms/companion/LatinModernMathCompanion-Regular.otf usedmethod=database
system          >   14: filename=lmmono10-regular filetype=otf format=otf foundname=/Users/ali/.context-osx-64/tex/texmf/fonts/data/gust/lm/lmmono10-regular.otf fullname=/Users/ali/.context-osx-64/tex/texmf/fonts/data/gust/lm/lmmono10-regular.otf usedmethod=database
system          >   15: filename=lmroman10-italic filetype=otf format=otf foundname=/Users/ali/.context-osx-64/tex/texmf/fonts/data/gust/lm/lmroman10-italic.otf fullname=/Users/ali/.context-osx-64/tex/texmf/fonts/data/gust/lm/lmroman10-italic.otf usedmethod=database
system          >   16: filename=compactors-preset.lua filetype=lua foundname=/Users/ali/.context-osx-64/tex/texmf-context/tex/context/base/mkxl/compactors-preset.lua fullname=/Users/ali/.context-osx-64/tex/texmf-context/tex/context/base/mkxl/compactors-preset.lua usedmethod=database
system          >   17: filename=lmroman10-bold filetype=otf format=otf foundname=/Users/ali/.context-osx-64/tex/texmf/fonts/data/gust/lm/lmroman10-bold.otf fullname=/Users/ali/.context-osx-64/tex/texmf/fonts/data/gust/lm/lmroman10-bold.otf usedmethod=database
system          >   18: filename=lpdf-pdx.xml filetype=tex foundname=/Users/ali/.context-osx-64/tex/texmf-context/tex/context/base/mkiv/lpdf-pdx.xml fullname=/Users/ali/.context-osx-64/tex/texmf-context/tex/context/base/mkiv/lpdf-pdx.xml usedmethod=database
system          > stop used files
system          > start commandline options
system          >   currentrun="1"
system          >   fulljobname="./mini-project.tex"
system          >   input="./mini-project.tex"
system          >   kindofrun="1"
system          >   maxnofruns="9"
system          >   texmfbinpath="/Users/ali/.context-osx-64/tex/texmf-osx-arm64/bin"
system          > stop commandline options
system          > start commandline files
system          >    1: ./mini-project.tex
system          > stop commandline files
modules         > start used modules
modules         > stop used modules
system          > 
system          > status after finishing run
system          > 
system          >   ----------------------------------------------------------------------------------------------------------------------------------------------------------------------------------------------
system          >           string       pool       hash     lookup       node      token     buffer      input       file       nest  parameter       save       font   language       mark     insert        mvl
system          >   ----------------------------------------------------------------------------------------------------------------------------------------------------------------------------------------------
system          >   max    2097152  100000000    2097152    2097152  100000000   10000000  100000000     100000       2000      10000     100000     500000     100000      10000      10000        500        500
system          >   min     150000   10000000     150000     150000   10000000    2000000    1000000      10000        500       1000      20000     100000        250        250         50         25         10
system          >   set     500000   10000000     250000     250000   50000000   10000000   10000000     100000       2000      10000     100000     500000     100000        250        250        250         10
system          >   stp     100000    1000000     100000     100000    5000000    1000000    1000000      10000        250       1000      10000      10000        250        250         50         25         10
system          > 
system          >   mem     150000    1029501     150000              10000000    2000000    1000000      10000        500       1000      20000      10000        250        250         50         25         10
system          >   itm         16          1         16                     9          8          1         32         32         80          4         16          8          8         28         56         80
system          >   ext          0          0          0          0       1032          0          0          0          0          0          0          0    2642824         96          0          0          0
system          >   all    2400000    1029501    2400000          1   90001032   16000000    1000000     320000      16000      80000      80000     160000    2644824       2096       1400       1400        800
system          > 
system          >   ini    2149739    1009924          0      52570          0     580593                                                                                       0                                 
system          >   ptr      53371                  7966      53354                571748          0          0          0          0          0          0         10          0          0         11          0
system          >   top      53372                938218     262146      59550     591587        268         39          5         12         42        234        250        250         50         25         10
system          >   ----------------------------------------------------------------------------------------------------------------------------------------------------------------------------------------------
system          > 
system          >   current input type    : initial
system          > 
system          >   approximate memory    : 119120461 (113 MB)
system          > 
system          >   expansion depth       : min: 10000, max: 1000000, set: 10000, top: 10
system          > 
system          >   luabytecode registers : 1032
system          >   luabytecode bytes     : 16528 (0 MB)
system          >   luastate bytes now    : 53403394 (50 MB)
system          >   luastate bytes max    : 53403394 (50 MB)
system          > 
system          >   file callbacks        : 190
system          >   saved callbacks       : 447
system          >   direct callbacks      : 9
system          >   function callbacks    : 1107
system          >   value callbacks       : 496
system          >   message callbacks     : 0
system          >   bytecode callbacks    : 638
system          > 
system          >   mp instances          : 0
system          >   mp estimated memory   : 0 (0 MB)
system          >   mp file callbacks     : 0
system          >   mp text callbacks     : 0
system          >   mp script callbacks   : 0
system          >   mp log callbacks      : 0
system          > 
system          >   total callbacks       : 2887
system          >   mp total callbacks    : 0
system          >   backend callbacks     : 0
system          > 
system          >   linebreak statistics  : context      calls     first    second     final  passonly   subpass
system          > 
system          >   linebreak statistics  : normal          38        38         0        18         0         0
system          >   linebreak statistics  : vbox            16        16         0         0         0         0
system          > 
system          >   linebreak statistics  :                 54        54         0        18         0         0
system          > 
system          >   hyphenation state     : checked          64
system          >   hyphenation state     : hyphenated      331
system          >   hyphenation state     : lists            64
system          >   hyphenation state     : nothing          37
system          >   hyphenation state     : words           410
system          > 
mkxl run stats  > used config file: selfautoparent:/texmf/web2c/texmfcnf.lua
mkxl run stats  > used cache path: /Users/ali/.context-osx-64/tex/texmf-cache/luametatex-cache/context/5fe67e0bfe781ce0dde776fb1556f32e
mkxl run stats  > resource resolver: loadtime 0.003 seconds, 0 scans with scantime 0.000 seconds, 0 shared scans, 18 found files, scanned paths: <none>
mkxl run stats  > stored bytecode data: 532 modules (0.107 sec), 106 tables (0.006 sec), 638 chunks (0.113 sec)
mkxl run stats  > traced context lua functions: maxstack: 1888, freed: 0, unreachable: 1888
mkxl run stats  > cleaned up reserved nodes: 76 nodes, 8 lists of 445
mkxl run stats  > node memory usage: 6 attribute, 3 attributelist, 10 fontspec, 1 glue, 135 gluespec, 1 kern, 661 mathspec, 2 penalty, 37 specification, 2 temp
mkxl run stats  > node list callback tasks: 17 unique task lists, 14 instances (re)created, 427 calls
mkxl run stats  > used backend: pdf
mkxl run stats  > randomizer: resumed with value 0.53638461518066838
mkxl run stats  > jobdata time: 0.001 seconds saving, 0.000 seconds loading
mkxl run stats  > callbacks: file: 190, saved: 447, direct: 9, function: 1107, value: 496, message: 0, bytecode: 638, late 0, total: 2887 (577 per page)
mkxl run stats  > loaded patterns: en::1, load time: 0.000
mkxl run stats  > loaded fonts: 6 files: latinmodernmathcompanion-regular.otf, latinmodern-math.otf, lmmono10-regular.otf, lmroman10-bold.otf, lmroman10-italic.otf, lmroman10-regular.otf
mkxl run stats  > font engine: otf 3.150, afm 1.541, tfm 1.000, 8 instances, 2 shared in backend, 2 common vectors, 0 common hashes, load time 0.057 seconds 
mkxl run stats  > math tweaking time: 0.016 seconds, 6 math goodie tables
mkxl run stats  > graphics processing time: 0.007 seconds including tex, 2 processed images, 2 unique asked, 0 bad names
mkxl run stats  > font embedding time: 0.004 seconds, 5 fonts
mkxl run stats  > pdf compacting: 0.003 seconds for 2 inclusions
mkxl run stats  > result saved in file: mini-project.pdf, compresslevel 1, objectcompresslevel 3, 39 streams, 16 uncompressed, 22 compressed, 1 not compressed, threshold 40
mkxl run stats  > positions: 4 collected, 0 deltas, 0 shared partials, 0 partial entries
mkxl run stats  > used platform: osx-arm, type: unix, binary subtree: texmf-osx-arm64
mkxl run stats  > used engine: luametatex version: 2.11.08, functionality level: 20251205, format id: 725, compiler: clang
mkxl run stats  > tex properties: 938218 hash slots used of 2097152, 53354 control sequences, approximate memory usage: 113 MB
mkxl run stats  > lua properties: engine: lua 5.5, format 3, used memory: 53 MB, ctx: 51 MB, max: 51 MB, symbol mask: utf (τεχ)
mkxl run stats  > runtime: 0.234 seconds, 5 processed pages, 5 shipped pages, 21.338 pages/second
